<?xml version="1.0" encoding="UTF-8"?>
<testng-results ignored="0" total="1" passed="1" failed="0" skipped="0">
  <reporter-output>
  </reporter-output>
  <suite started-at="2022-09-22T20:56:44 IST" name="Default suite" finished-at="2022-09-22T20:56:44 IST" duration-ms="122">
    <groups>
    </groups>
    <test started-at="2022-09-22T20:56:44 IST" name="Default test" finished-at="2022-09-22T20:56:44 IST" duration-ms="122">
      <class name="practiceTestScripts.Test1">
        <test-method signature="TC1()[pri:0, instance:practiceTestScripts.Test1@29e495ff]" started-at="2022-09-22T20:56:44 IST" name="TC1" finished-at="2022-09-22T20:56:44 IST" duration-ms="25" status="PASS">
          <reporter-output>
          </reporter-output>
        </test-method> <!-- TC1 -->
      </class> <!-- practiceTestScripts.Test1 -->
    </test> <!-- Default test -->
  </suite> <!-- Default suite -->
</testng-results>
