<?xml version="1.0" encoding="UTF-8"?>
<testng-results ignored="0" total="1" passed="1" failed="0" skipped="0">
  <reporter-output>
  </reporter-output>
  <suite started-at="2022-09-23T13:25:06 IST" name="Default suite" finished-at="2022-09-23T13:25:07 IST" duration-ms="396">
    <groups>
    </groups>
    <test started-at="2022-09-23T13:25:06 IST" name="Default test" finished-at="2022-09-23T13:25:07 IST" duration-ms="396">
      <class name="practiceTestScripts.Test3">
        <test-method signature="display()[pri:0, instance:practiceTestScripts.Test3@2b91004a]" started-at="2022-09-23T13:25:06 IST" name="display" finished-at="2022-09-23T13:25:06 IST" duration-ms="50" status="PASS">
          <reporter-output>
          </reporter-output>
        </test-method> <!-- display -->
      </class> <!-- practiceTestScripts.Test3 -->
    </test> <!-- Default test -->
  </suite> <!-- Default suite -->
</testng-results>
